<?xml version="1.0" encoding="UTF-8"?>
<testng-results ignored="0" total="1" passed="1" failed="0" skipped="0">
  <reporter-output>
  </reporter-output>
  <suite started-at="2021-03-20T14:30:20 IST" name="Default suite" finished-at="2021-03-20T14:31:17 IST" duration-ms="56503">
    <groups>
    </groups>
    <test started-at="2021-03-20T14:30:20 IST" name="Default test" finished-at="2021-03-20T14:31:17 IST" duration-ms="56503">
      <class name="com.excel.test.ExcelTest">
        <test-method signature="readData()[pri:0, instance:com.excel.test.ExcelTest@52af26ee]" started-at="2021-03-20T14:30:20 IST" name="readData" finished-at="2021-03-20T14:31:17 IST" duration-ms="56438" status="PASS">
          <reporter-output>
          </reporter-output>
        </test-method> <!-- readData -->
      </class> <!-- com.excel.test.ExcelTest -->
    </test> <!-- Default test -->
  </suite> <!-- Default suite -->
</testng-results>
